<?xml version="1.0" encoding="UTF-8"?>
<testsuite xmlns:xsi="http://www.w3.org/2001/XMLSchema-instance" xsi:noNamespaceSchemaLocation="https://maven.apache.org/surefire/maven-surefire-plugin/xsd/surefire-test-report.xsd" version="3.0.2" name="org.gjt.sp.jedit.search.SearchAndReplaceTest" time="0.656" tests="4" errors="0" skipped="0" failures="0">
  <properties>
[...]
</properties>
  <testcase name="testFindWithStart_ISP_BoundaryValues" classname="org.gjt.sp.jedit.search.SearchAndReplaceTest" time="0.314">
    <system-err><![CDATA[Exception in thread "AWT-EventQueue-0" java.lang.NullPointerException
	at java.desktop/java.awt.Component.applyComponentOrientation(Component.java:9204)
	at java.desktop/java.awt.Container.applyComponentOrientation(Container.java:3566)
	at java.desktop/javax.swing.plaf.basic.BasicOptionPaneUI$Handler.propertyChange(BasicOptionPaneUI.java:1491)
	at java.desktop/java.beans.PropertyChangeSupport.fire(PropertyChangeSupport.java:343)
	at java.desktop/java.beans.PropertyChangeSupport.firePropertyChange(PropertyChangeSupport.java:335)
	at java.desktop/java.beans.PropertyChangeSupport.firePropertyChange(PropertyChangeSupport.java:268)
	at java.desktop/java.awt.Component.firePropertyChange(Component.java:8717)
	at java.desktop/java.awt.Component.setComponentOrientation(Component.java:9164)
	at java.desktop/javax.swing.JOptionPane.showOptionDialog(JOptionPane.java:874)
	at java.desktop/javax.swing.JOptionPane.showMessageDialog(JOptionPane.java:677)
	at java.desktop/javax.swing.JOptionPane.showMessageDialog(JOptionPane.java:648)
	at org.gjt.sp.jedit.GUIUtilities.error(GUIUtilities.java:679)
	at org.gjt.sp.jedit.search.HyperSearchRequest$1.run(HyperSearchRequest.java:73)
	at java.desktop/java.awt.event.InvocationEvent.dispatch(InvocationEvent.java:318)
	at java.desktop/java.awt.EventQueue.dispatchEventImpl(EventQueue.java:773)
	at java.desktop/java.awt.EventQueue$4.run(EventQueue.java:720)
	at java.desktop/java.awt.EventQueue$4.run(EventQueue.java:714)
	at java.base/java.security.AccessController.doPrivileged(AccessController.java:400)
	at java.base/java.security.ProtectionDomain$JavaSecurityAccessImpl.doIntersectionPrivilege(ProtectionDomain.java:87)
	at java.desktop/java.awt.EventQueue.dispatchEvent(EventQueue.java:742)
	at java.desktop/java.awt.EventDispatchThread.pumpOneEventForFilters(EventDispatchThread.java:203)
	at java.desktop/java.awt.EventDispatchThread.pumpEventsForFilter(EventDispatchThread.java:124)
	at java.desktop/java.awt.EventDispatchThread.pumpEventsForHierarchy(EventDispatchThread.java:113)
	at java.desktop/java.awt.EventDispatchThread.pumpEvents(EventDispatchThread.java:109)
	at java.desktop/java.awt.EventDispatchThread.pumpEvents(EventDispatchThread.java:101)
	at java.desktop/java.awt.EventDispatchThread.run(EventDispatchThread.java:90)
Exception in thread "AWT-EventQueue-0" java.lang.NullPointerException
	at java.desktop/java.awt.Component.applyComponentOrientation(Component.java:9204)
	at java.desktop/java.awt.Container.applyComponentOrientation(Container.java:3566)
	at java.desktop/javax.swing.plaf.basic.BasicOptionPaneUI$Handler.propertyChange(BasicOptionPaneUI.java:1491)
	at java.desktop/java.beans.PropertyChangeSupport.fire(PropertyChangeSupport.java:343)
	at java.desktop/java.beans.PropertyChangeSupport.firePropertyChange(PropertyChangeSupport.java:335)
	at java.desktop/java.beans.PropertyChangeSupport.firePropertyChange(PropertyChangeSupport.java:268)
	at java.desktop/java.awt.Component.firePropertyChange(Component.java:8717)
	at java.desktop/java.awt.Component.setComponentOrientation(Component.java:9164)
	at java.desktop/javax.swing.JOptionPane.showOptionDialog(JOptionPane.java:874)
	at java.desktop/javax.swing.JOptionPane.showMessageDialog(JOptionPane.java:677)
	at java.desktop/javax.swing.JOptionPane.showMessageDialog(JOptionPane.java:648)
	at org.gjt.sp.jedit.GUIUtilities.error(GUIUtilities.java:679)
	at org.gjt.sp.jedit.search.HyperSearchRequest$1.run(HyperSearchRequest.java:73)
	at java.desktop/java.awt.event.InvocationEvent.dispatch(InvocationEvent.java:318)
	at java.desktop/java.awt.EventQueue.dispatchEventImpl(EventQueue.java:773)
	at java.desktop/java.awt.EventQueue$4.run(EventQueue.java:720)
	at java.desktop/java.awt.EventQueue$4.run(EventQueue.java:714)
	at java.base/java.security.AccessController.doPrivileged(AccessController.java:400)
	at java.base/java.security.ProtectionDomain$JavaSecurityAccessImpl.doIntersectionPrivilege(ProtectionDomain.java:87)
	at java.desktop/java.awt.EventQueue.dispatchEvent(EventQueue.java:742)
	at java.desktop/java.awt.EventDispatchThread.pumpOneEventForFilters(EventDispatchThread.java:203)
	at java.desktop/java.awt.EventDispatchThread.pumpEventsForFilter(EventDispatchThread.java:124)
	at java.desktop/java.awt.EventDispatchThread.pumpEventsForHierarchy(EventDispatchThread.java:113)
	at java.desktop/java.awt.EventDispatchThread.pumpEvents(EventDispatchThread.java:109)
	at java.desktop/java.awt.EventDispatchThread.pumpEvents(EventDispatchThread.java:101)
	at java.desktop/java.awt.EventDispatchThread.run(EventDispatchThread.java:90)
]]></system-err>
  </testcase>
  <testcase name="testReplace_Mutation_KillBufferEditableMutant" classname="org.gjt.sp.jedit.search.SearchAndReplaceTest" time="0.094"/>
  <testcase name="testHyperSearch_LogicBased_SelectionPredicate" classname="org.gjt.sp.jedit.search.SearchAndReplaceTest" time="0.116"/>
  <testcase name="testFind_GraphBased_BufferNullPath" classname="org.gjt.sp.jedit.search.SearchAndReplaceTest" time="0.127">
    <system-err><![CDATA[3:42:26 p.m. [main] [error] SearchAndReplace: java.lang.NullPointerException: Cannot invoke "org.gjt.sp.jedit.Mode.getTokenMarker()" because the return value of "org.gjt.sp.jedit.jEdit.getMode(String)" is null
3:42:26 p.m. [main] [error] SearchAndReplace:  at org.gjt.sp.jedit.Buffer.<init>(Buffer.java:1782)
3:42:26 p.m. [main] [error] SearchAndReplace:  at org.gjt.sp.jedit.jEdit.openTemporary(jEdit.java:1869)
3:42:26 p.m. [main] [error] SearchAndReplace:  at org.gjt.sp.jedit.jEdit.openTemporary(jEdit.java:1826)
3:42:26 p.m. [main] [error] SearchAndReplace:  at org.gjt.sp.jedit.jEdit.openTemporary(jEdit.java:1779)
3:42:26 p.m. [main] [error] SearchAndReplace:  at org.gjt.sp.jedit.search.SearchAndReplace.find(SearchAndReplace.java:487)
3:42:26 p.m. [main] [error] SearchAndReplace:  at org.gjt.sp.jedit.search.SearchAndReplaceTest.testFind_GraphBased_BufferNullPath(SearchAndReplaceTest.java:92)
3:42:26 p.m. [main] [error] SearchAndReplace:  at java.base/jdk.internal.reflect.DirectMethodHandleAccessor.invoke(DirectMethodHandleAccessor.java:103)
3:42:26 p.m. [main] [error] SearchAndReplace:  at java.base/java.lang.reflect.Method.invoke(Method.java:580)
3:42:26 p.m. [main] [error] SearchAndReplace:  at org.junit.platform.commons.util.ReflectionUtils.invokeMethod(ReflectionUtils.java:727)
3:42:26 p.m. [main] [error] SearchAndReplace:  at org.junit.jupiter.engine.execution.MethodInvocation.proceed(MethodInvocation.java:60)
3:42:26 p.m. [main] [error] SearchAndReplace:  at org.junit.jupiter.engine.execution.InvocationInterceptorChain$ValidatingInvocation.proceed(InvocationInterceptorChain.java:131)
3:42:26 p.m. [main] [error] SearchAndReplace:  at org.junit.jupiter.engine.extension.TimeoutExtension.intercept(TimeoutExtension.java:156)
3:42:26 p.m. [main] [error] SearchAndReplace:  at org.junit.jupiter.engine.extension.TimeoutExtension.interceptTestableMethod(TimeoutExtension.java:147)
3:42:26 p.m. [main] [error] SearchAndReplace:  at org.junit.jupiter.engine.extension.TimeoutExtension.interceptTestMethod(TimeoutExtension.java:86)
3:42:26 p.m. [main] [error] SearchAndReplace:  at org.junit.jupiter.engine.execution.InterceptingExecutableInvoker$ReflectiveInterceptorCall.lambda$ofVoidMethod$0(InterceptingExecutableInvoker.java:103)
3:42:26 p.m. [main] [error] SearchAndReplace:  at org.junit.jupiter.engine.execution.InterceptingExecutableInvoker.lambda$invoke$0(InterceptingExecutableInvoker.java:93)
3:42:26 p.m. [main] [error] SearchAndReplace:  at org.junit.jupiter.engine.execution.InvocationInterceptorChain$InterceptedInvocation.proceed(InvocationInterceptorChain.java:106)
3:42:26 p.m. [main] [error] SearchAndReplace:  at org.junit.jupiter.engine.execution.InvocationInterceptorChain.proceed(InvocationInterceptorChain.java:64)
3:42:26 p.m. [main] [error] SearchAndReplace:  at org.junit.jupiter.engine.execution.InvocationInterceptorChain.chainAndInvoke(InvocationInterceptorChain.java:45)
3:42:26 p.m. [main] [error] SearchAndReplace:  at org.junit.jupiter.engine.execution.InvocationInterceptorChain.invoke(InvocationInterceptorChain.java:37)
3:42:26 p.m. [main] [error] SearchAndReplace:  at org.junit.jupiter.engine.execution.InterceptingExecutableInvoker.invoke(InterceptingExecutableInvoker.java:92)
3:42:26 p.m. [main] [error] SearchAndReplace:  at org.junit.jupiter.engine.execution.InterceptingExecutableInvoker.invoke(InterceptingExecutableInvoker.java:86)
3:42:26 p.m. [main] [error] SearchAndReplace:  at org.junit.jupiter.engine.descriptor.TestMethodTestDescriptor.lambda$invokeTestMethod$7(TestMethodTestDescriptor.java:217)
3:42:26 p.m. [main] [error] SearchAndReplace:  at org.junit.platform.engine.support.hierarchical.ThrowableCollector.execute(ThrowableCollector.java:73)
3:42:26 p.m. [main] [error] SearchAndReplace:  at org.junit.jupiter.engine.descriptor.TestMethodTestDescriptor.invokeTestMethod(TestMethodTestDescriptor.java:213)
3:42:26 p.m. [main] [error] SearchAndReplace:  at org.junit.jupiter.engine.descriptor.TestMethodTestDescriptor.execute(TestMethodTestDescriptor.java:138)
3:42:26 p.m. [main] [error] SearchAndReplace:  at org.junit.jupiter.engine.descriptor.TestMethodTestDescriptor.execute(TestMethodTestDescriptor.java:68)
3:42:26 p.m. [main] [error] SearchAndReplace:  at org.junit.platform.engine.support.hierarchical.NodeTestTask.lambda$executeRecursively$6(NodeTestTask.java:151)
3:42:26 p.m. [main] [error] SearchAndReplace:  at org.junit.platform.engine.support.hierarchical.ThrowableCollector.execute(ThrowableCollector.java:73)
3:42:26 p.m. [main] [error] SearchAndReplace:  at org.junit.platform.engine.support.hierarchical.NodeTestTask.lambda$executeRecursively$8(NodeTestTask.java:141)
3:42:26 p.m. [main] [error] SearchAndReplace:  at org.junit.platform.engine.support.hierarchical.Node.around(Node.java:137)
3:42:26 p.m. [main] [error] SearchAndReplace:  at org.junit.platform.engine.support.hierarchical.NodeTestTask.lambda$executeRecursively$9(NodeTestTask.java:139)
3:42:26 p.m. [main] [error] SearchAndReplace:  at org.junit.platform.engine.support.hierarchical.ThrowableCollector.execute(ThrowableCollector.java:73)
3:42:26 p.m. [main] [error] SearchAndReplace:  at org.junit.platform.engine.support.hierarchical.NodeTestTask.executeRecursively(NodeTestTask.java:138)
3:42:26 p.m. [main] [error] SearchAndReplace:  at org.junit.platform.engine.support.hierarchical.NodeTestTask.execute(NodeTestTask.java:95)
3:42:26 p.m. [main] [error] SearchAndReplace:  at java.base/java.util.ArrayList.forEach(ArrayList.java:1596)
3:42:26 p.m. [main] [error] SearchAndReplace:  at org.junit.platform.engine.support.hierarchical.SameThreadHierarchicalTestExecutorService.invokeAll(SameThreadHierarchicalTestExecutorService.java:41)
3:42:26 p.m. [main] [error] SearchAndReplace:  at org.junit.platform.engine.support.hierarchical.NodeTestTask.lambda$executeRecursively$6(NodeTestTask.java:155)
3:42:26 p.m. [main] [error] SearchAndReplace:  at org.junit.platform.engine.support.hierarchical.ThrowableCollector.execute(ThrowableCollector.java:73)
3:42:26 p.m. [main] [error] SearchAndReplace:  at org.junit.platform.engine.support.hierarchical.NodeTestTask.lambda$executeRecursively$8(NodeTestTask.java:141)
3:42:26 p.m. [main] [error] SearchAndReplace:  at org.junit.platform.engine.support.hierarchical.Node.around(Node.java:137)
3:42:26 p.m. [main] [error] SearchAndReplace:  at org.junit.platform.engine.support.hierarchical.NodeTestTask.lambda$executeRecursively$9(NodeTestTask.java:139)
3:42:26 p.m. [main] [error] SearchAndReplace:  at org.junit.platform.engine.support.hierarchical.ThrowableCollector.execute(ThrowableCollector.java:73)
3:42:26 p.m. [main] [error] SearchAndReplace:  at org.junit.platform.engine.support.hierarchical.NodeTestTask.executeRecursively(NodeTestTask.java:138)
3:42:26 p.m. [main] [error] SearchAndReplace:  at org.junit.platform.engine.support.hierarchical.NodeTestTask.execute(NodeTestTask.java:95)
3:42:26 p.m. [main] [error] SearchAndReplace:  at java.base/java.util.ArrayList.forEach(ArrayList.java:1596)
3:42:26 p.m. [main] [error] SearchAndReplace:  at org.junit.platform.engine.support.hierarchical.SameThreadHierarchicalTestExecutorService.invokeAll(SameThreadHierarchicalTestExecutorService.java:41)
3:42:26 p.m. [main] [error] SearchAndReplace:  at org.junit.platform.engine.support.hierarchical.NodeTestTask.lambda$executeRecursively$6(NodeTestTask.java:155)
3:42:26 p.m. [main] [error] SearchAndReplace:  at org.junit.platform.engine.support.hierarchical.ThrowableCollector.execute(ThrowableCollector.java:73)
3:42:26 p.m. [main] [error] SearchAndReplace:  at org.junit.platform.engine.support.hierarchical.NodeTestTask.lambda$executeRecursively$8(NodeTestTask.java:141)
3:42:26 p.m. [main] [error] SearchAndReplace:  at org.junit.platform.engine.support.hierarchical.Node.around(Node.java:137)
3:42:26 p.m. [main] [error] SearchAndReplace:  at org.junit.platform.engine.support.hierarchical.NodeTestTask.lambda$executeRecursively$9(NodeTestTask.java:139)
3:42:26 p.m. [main] [error] SearchAndReplace:  at org.junit.platform.engine.support.hierarchical.ThrowableCollector.execute(ThrowableCollector.java:73)
3:42:26 p.m. [main] [error] SearchAndReplace:  at org.junit.platform.engine.support.hierarchical.NodeTestTask.executeRecursively(NodeTestTask.java:138)
3:42:26 p.m. [main] [error] SearchAndReplace:  at org.junit.platform.engine.support.hierarchical.NodeTestTask.execute(NodeTestTask.java:95)
3:42:26 p.m. [main] [error] SearchAndReplace:  at org.junit.platform.engine.support.hierarchical.SameThreadHierarchicalTestExecutorService.submit(SameThreadHierarchicalTestExecutorService.java:35)
3:42:26 p.m. [main] [error] SearchAndReplace:  at org.junit.platform.engine.support.hierarchical.HierarchicalTestExecutor.execute(HierarchicalTestExecutor.java:57)
3:42:26 p.m. [main] [error] SearchAndReplace:  at org.junit.platform.engine.support.hierarchical.HierarchicalTestEngine.execute(HierarchicalTestEngine.java:54)
3:42:26 p.m. [main] [error] SearchAndReplace:  at org.junit.platform.launcher.core.EngineExecutionOrchestrator.execute(EngineExecutionOrchestrator.java:147)
3:42:26 p.m. [main] [error] SearchAndReplace:  at org.junit.platform.launcher.core.EngineExecutionOrchestrator.execute(EngineExecutionOrchestrator.java:127)
3:42:26 p.m. [main] [error] SearchAndReplace:  at org.junit.platform.launcher.core.EngineExecutionOrchestrator.execute(EngineExecutionOrchestrator.java:90)
3:42:26 p.m. [main] [error] SearchAndReplace:  at org.junit.platform.launcher.core.EngineExecutionOrchestrator.lambda$execute$0(EngineExecutionOrchestrator.java:55)
3:42:26 p.m. [main] [error] SearchAndReplace:  at org.junit.platform.launcher.core.EngineExecutionOrchestrator.withInterceptedStreams(EngineExecutionOrchestrator.java:102)
3:42:26 p.m. [main] [error] SearchAndReplace:  at org.junit.platform.launcher.core.EngineExecutionOrchestrator.execute(EngineExecutionOrchestrator.java:54)
3:42:26 p.m. [main] [error] SearchAndReplace:  at org.junit.platform.launcher.core.DefaultLauncher.execute(DefaultLauncher.java:114)
3:42:26 p.m. [main] [error] SearchAndReplace:  at org.junit.platform.launcher.core.DefaultLauncher.execute(DefaultLauncher.java:86)
3:42:26 p.m. [main] [error] SearchAndReplace:  at org.junit.platform.launcher.core.DefaultLauncherSession$DelegatingLauncher.execute(DefaultLauncherSession.java:86)
3:42:26 p.m. [main] [error] SearchAndReplace:  at org.apache.maven.surefire.junitplatform.LauncherAdapter.executeWithoutCancellationToken(LauncherAdapter.java:60)
3:42:26 p.m. [main] [error] SearchAndReplace:  at org.apache.maven.surefire.junitplatform.LauncherAdapter.execute(LauncherAdapter.java:52)
3:42:26 p.m. [main] [error] SearchAndReplace:  at org.apache.maven.surefire.junitplatform.JUnitPlatformProvider.execute(JUnitPlatformProvider.java:203)
3:42:26 p.m. [main] [error] SearchAndReplace:  at org.apache.maven.surefire.junitplatform.JUnitPlatformProvider.invokeAllTests(JUnitPlatformProvider.java:168)
3:42:26 p.m. [main] [error] SearchAndReplace:  at org.apache.maven.surefire.junitplatform.JUnitPlatformProvider.invoke(JUnitPlatformProvider.java:136)
3:42:26 p.m. [main] [error] SearchAndReplace:  at org.apache.maven.surefire.booter.ForkedBooter.runSuitesInProcess(ForkedBooter.java:385)
3:42:26 p.m. [main] [error] SearchAndReplace:  at org.apache.maven.surefire.booter.ForkedBooter.execute(ForkedBooter.java:162)
3:42:26 p.m. [main] [error] SearchAndReplace:  at org.apache.maven.surefire.booter.ForkedBooter.run(ForkedBooter.java:507)
3:42:26 p.m. [main] [error] SearchAndReplace:  at org.apache.maven.surefire.booter.ForkedBooter.main(ForkedBooter.java:495)
]]></system-err>
  </testcase>
</testsuite>